<?xml version="1.0" encoding="UTF-8"?>
<testsuite xmlns:xsi="http://www.w3.org/2001/XMLSchema-instance" xsi:noNamespaceSchemaLocation="https://maven.apache.org/surefire/maven-surefire-plugin/xsd/surefire-test-report.xsd" name="br.ce.haroldo.tasks.funcional.TasksTest" time="10.846" tests="4" errors="0" skipped="0" failures="0">
  <properties>
[...]
</properties>
  <testcase name="naoDeveSalvarTarefaSemDescricao" classname="br.ce.haroldo.tasks.funcional.TasksTest" time="10.226"/>
  <testcase name="naoDeveSalvarTarefaComDataPassada" classname="br.ce.haroldo.tasks.funcional.TasksTest" time="10.657"/>
  <testcase name="deveSalvarTarefaComSucesso" classname="br.ce.haroldo.tasks.funcional.TasksTest" time="10.845"/>
  <testcase name="naoDeveSalvarTarefaSemData" classname="br.ce.haroldo.tasks.funcional.TasksTest" time="10.455"/>
</testsuite>